<?xml version="1.0" encoding="UTF-8"?>
<!-- Generated by org.testng.reporters.JUnitReportReporter -->
<testsuite skipped="0" hostname="ram" name="com.test.Authenticate" tests="1" failures="0" timestamp="28 Nov 2022 09:49:37 GMT" time="9.393" errors="0">
  <testcase name="user__createnewaccount" time="9.393" classname="com.test.Authenticate"/>
</testsuite> <!-- com.test.Authenticate -->
