<?xml version="1.0" encoding="UTF-8"?>
<!-- Generated by org.testng.reporters.JUnitReportReporter -->
<testsuite skipped="0" hostname="ram" name="com.test.Authenticate" tests="1" failures="0" timestamp="27 Nov 2022 13:43:49 GMT" time="9.678" errors="0">
  <testcase name="when_invalid_password_valid_Username_throwerror" time="9.678" classname="com.test.Authenticate"/>
</testsuite> <!-- com.test.Authenticate -->
